[12:50:43.542] Global cache location '/home/leibniz/.cache/typescript/4.5', safe file path '/home/leibniz/.emacs.d/.local/etc/lsp/npm/typescript/lib/node_modules/typescript/lib/typingSafeList.json', types map path /home/leibniz/.emacs.d/.local/etc/lsp/npm/typescript/lib/node_modules/typescript/lib/typesMap.json
[12:50:43.544] Processing cache location '/home/leibniz/.cache/typescript/4.5'
[12:50:43.544] Trying to find '/home/leibniz/.cache/typescript/4.5/package.json'...
[12:50:43.546] Loaded content of '/home/leibniz/.cache/typescript/4.5/package.json': {"private":true,"dependencies":{"types-registry":"^0.1.573"}}
[12:50:43.546] Loaded content of '/home/leibniz/.cache/typescript/4.5/package-lock.json'
[12:50:43.546] Finished processing cache location '/home/leibniz/.cache/typescript/4.5'
[12:50:43.546] Process id: 5080
[12:50:43.547] NPM location: /home/leibniz/.nvm/versions/node/v17.3.0/bin/npm (explicit '--npmLocation' not  provided)
[12:50:43.547] validateDefaultNpmLocation: false
[12:50:43.547] Npm config file: /home/leibniz/.cache/typescript/4.5/package.json
[12:50:43.548] Updating types-registry npm package...
[12:50:43.548] Exec: /home/leibniz/.nvm/versions/node/v17.3.0/bin/npm install --ignore-scripts types-registry@latest
[12:50:45.980]     Succeeded. stdout:
    
    up to date, audited 2 packages in 2s

found 0 vulnerabilities

[12:50:45.980] Updated types-registry npm package
[12:50:46.036] Got install request {"projectName":"/dev/null/inferredProject1*","fileNames":["/home/leibniz/.emacs.d/.local/etc/lsp/npm/typescript/lib/node_modules/typescript/lib/lib.es5.d.ts","/home/leibniz/.emacs.d/.local/etc/lsp/npm/typescript/lib/node_modules/typescript/lib/lib.es2015.d.ts","/home/leibniz/.emacs.d/.local/etc/lsp/npm/typescript/lib/node_modules/typescript/lib/lib.es2016.d.ts","/home/leibniz/.emacs.d/.local/etc/lsp/npm/typescript/lib/node_modules/typescript/lib/lib.dom.d.ts","/home/leibniz/.emacs.d/.local/etc/lsp/npm/typescript/lib/node_modules/typescript/lib/lib.dom.iterable.d.ts","/home/leibniz/.emacs.d/.local/etc/lsp/npm/typescript/lib/node_modules/typescript/lib/lib.webworker.importscripts.d.ts","/home/leibniz/.emacs.d/.local/etc/lsp/npm/typescript/lib/node_modules/typescript/lib/lib.scripthost.d.ts","/home/leibniz/.emacs.d/.local/etc/lsp/npm/typescript/lib/node_modules/typescript/lib/lib.es2015.core.d.ts","/home/leibniz/.emacs.d/.local/etc/lsp/npm/typescript/lib/node_modules/typescript/lib/lib.es2015.collection.d.ts","/home/leibniz/.emacs.d/.local/etc/lsp/npm/typescript/lib/node_modules/typescript/lib/lib.es2015.generator.d.ts","/home/leibniz/.emacs.d/.local/etc/lsp/npm/typescript/lib/node_modules/typescript/lib/lib.es2015.iterable.d.ts","/home/leibniz/.emacs.d/.local/etc/lsp/npm/typescript/lib/node_modules/typescript/lib/lib.es2015.promise.d.ts","/home/leibniz/.emacs.d/.local/etc/lsp/npm/typescript/lib/node_modules/typescript/lib/lib.es2015.proxy.d.ts","/home/leibniz/.emacs.d/.local/etc/lsp/npm/typescript/lib/node_modules/typescript/lib/lib.es2015.reflect.d.ts","/home/leibniz/.emacs.d/.local/etc/lsp/npm/typescript/lib/node_modules/typescript/lib/lib.es2015.symbol.d.ts","/home/leibniz/.emacs.d/.local/etc/lsp/npm/typescript/lib/node_modules/typescript/lib/lib.es2015.symbol.wellknown.d.ts","/home/leibniz/.emacs.d/.local/etc/lsp/npm/typescript/lib/node_modules/typescript/lib/lib.es2016.array.include.d.ts","/home/leibniz/.emacs.d/.local/etc/lsp/npm/typescript/lib/node_modules/typescript/lib/lib.es2016.full.d.ts","/home/leibniz/hdd/cobra/proj/1stdiscordbot/test.js"],"compilerOptions":{"module":1,"target":3,"jsx":1,"allowJs":true,"allowSyntheticDefaultImports":true,"allowNonTsExtensions":true,"noEmitForJsFiles":true,"maxNodeModuleJsDepth":2},"typeAcquisition":{"enable":true,"include":[],"exclude":[]},"unresolvedImports":[],"projectRootPath":"/home/leibniz/hdd/cobra/proj/1stdiscordbot","kind":"discover"}
[12:50:46.079] Loaded safelist from types map file '/home/leibniz/.emacs.d/.local/etc/lsp/npm/typescript/lib/node_modules/typescript/lib/typesMap.json'
[12:50:46.080] Explicitly included types: []
[12:50:46.082] Inferred typings from unresolved imports: []
[12:50:46.082] Result: {"cachedTypingPaths":[],"newTypingNames":[],"filesToWatch":["/home/leibniz/hdd/cobra/proj/1stdiscordbot/bower_components","/home/leibniz/hdd/cobra/proj/1stdiscordbot/node_modules"]}
[12:50:46.082] Finished typings discovery: {"cachedTypingPaths":[],"newTypingNames":[],"filesToWatch":["/home/leibniz/hdd/cobra/proj/1stdiscordbot/bower_components","/home/leibniz/hdd/cobra/proj/1stdiscordbot/node_modules"]}
[12:50:46.083] DirectoryWatcher:: Added:: WatchInfo: /home/leibniz/hdd/cobra/proj/1stdiscordbot/bower_components
[12:50:46.084] DirectoryWatcher:: Added:: WatchInfo: /home/leibniz/hdd/cobra/proj/1stdiscordbot/bower_components 1 undefined Project: /dev/null/inferredProject1* watcher already invoked: false
[12:50:46.088] Elapsed:: 3.2456189999356866ms DirectoryWatcher:: Added:: WatchInfo: /home/leibniz/hdd/cobra/proj/1stdiscordbot/bower_components 1 undefined Project: /dev/null/inferredProject1* watcher already invoked: false
[12:50:46.088] DirectoryWatcher:: Added:: WatchInfo: /home/leibniz/hdd/cobra/proj/1stdiscordbot/node_modules
[12:50:46.088] DirectoryWatcher:: Added:: WatchInfo: /home/leibniz/hdd/cobra/proj/1stdiscordbot/node_modules 1 undefined Project: /dev/null/inferredProject1* watcher already invoked: false
[12:50:46.088] Elapsed:: 0.2500320002436638ms DirectoryWatcher:: Added:: WatchInfo: /home/leibniz/hdd/cobra/proj/1stdiscordbot/node_modules 1 undefined Project: /dev/null/inferredProject1* watcher already invoked: false
[12:50:46.089] Sending response:
    {"projectName":"/dev/null/inferredProject1*","typeAcquisition":{"enable":true,"include":[],"exclude":[]},"compilerOptions":{"module":1,"target":3,"jsx":1,"allowJs":true,"allowSyntheticDefaultImports":true,"allowNonTsExtensions":true,"noEmitForJsFiles":true,"maxNodeModuleJsDepth":2},"typings":[],"unresolvedImports":[],"kind":"action::set"}
[12:50:46.089] Response has been sent.
[12:50:46.090] No new typings were requested as a result of typings discovery
