[13:13:24.949] Global cache location '/home/leibniz/.cache/typescript/4.5', safe file path '/home/leibniz/.emacs.d/.local/etc/lsp/npm/typescript/lib/node_modules/typescript/lib/typingSafeList.json', types map path /home/leibniz/.emacs.d/.local/etc/lsp/npm/typescript/lib/node_modules/typescript/lib/typesMap.json
[13:13:24.951] Processing cache location '/home/leibniz/.cache/typescript/4.5'
[13:13:24.951] Trying to find '/home/leibniz/.cache/typescript/4.5/package.json'...
[13:13:24.951] Finished processing cache location '/home/leibniz/.cache/typescript/4.5'
[13:13:24.952] Process id: 8270
[13:13:24.952] NPM location: /home/leibniz/.nvm/versions/node/v17.3.0/bin/npm (explicit '--npmLocation' not  provided)
[13:13:24.952] validateDefaultNpmLocation: false
[13:13:24.953] Npm config file: /home/leibniz/.cache/typescript/4.5/package.json
[13:13:24.953] Npm config file: '/home/leibniz/.cache/typescript/4.5/package.json' is missing, creating new one...
[13:13:24.955] Updating types-registry npm package...
[13:13:24.956] Exec: /home/leibniz/.nvm/versions/node/v17.3.0/bin/npm install --ignore-scripts types-registry@latest
[13:13:27.490]     Succeeded. stdout:
    
    added 1 package, and audited 2 packages in 2s

found 0 vulnerabilities

[13:13:27.490] Updated types-registry npm package
[13:13:27.545] Got install request {"projectName":"/dev/null/inferredProject1*","fileNames":["/home/leibniz/.emacs.d/.local/etc/lsp/npm/typescript/lib/node_modules/typescript/lib/lib.es5.d.ts","/home/leibniz/.emacs.d/.local/etc/lsp/npm/typescript/lib/node_modules/typescript/lib/lib.es2015.d.ts","/home/leibniz/.emacs.d/.local/etc/lsp/npm/typescript/lib/node_modules/typescript/lib/lib.es2016.d.ts","/home/leibniz/.emacs.d/.local/etc/lsp/npm/typescript/lib/node_modules/typescript/lib/lib.dom.d.ts","/home/leibniz/.emacs.d/.local/etc/lsp/npm/typescript/lib/node_modules/typescript/lib/lib.dom.iterable.d.ts","/home/leibniz/.emacs.d/.local/etc/lsp/npm/typescript/lib/node_modules/typescript/lib/lib.webworker.importscripts.d.ts","/home/leibniz/.emacs.d/.local/etc/lsp/npm/typescript/lib/node_modules/typescript/lib/lib.scripthost.d.ts","/home/leibniz/.emacs.d/.local/etc/lsp/npm/typescript/lib/node_modules/typescript/lib/lib.es2015.core.d.ts","/home/leibniz/.emacs.d/.local/etc/lsp/npm/typescript/lib/node_modules/typescript/lib/lib.es2015.collection.d.ts","/home/leibniz/.emacs.d/.local/etc/lsp/npm/typescript/lib/node_modules/typescript/lib/lib.es2015.generator.d.ts","/home/leibniz/.emacs.d/.local/etc/lsp/npm/typescript/lib/node_modules/typescript/lib/lib.es2015.iterable.d.ts","/home/leibniz/.emacs.d/.local/etc/lsp/npm/typescript/lib/node_modules/typescript/lib/lib.es2015.promise.d.ts","/home/leibniz/.emacs.d/.local/etc/lsp/npm/typescript/lib/node_modules/typescript/lib/lib.es2015.proxy.d.ts","/home/leibniz/.emacs.d/.local/etc/lsp/npm/typescript/lib/node_modules/typescript/lib/lib.es2015.reflect.d.ts","/home/leibniz/.emacs.d/.local/etc/lsp/npm/typescript/lib/node_modules/typescript/lib/lib.es2015.symbol.d.ts","/home/leibniz/.emacs.d/.local/etc/lsp/npm/typescript/lib/node_modules/typescript/lib/lib.es2015.symbol.wellknown.d.ts","/home/leibniz/.emacs.d/.local/etc/lsp/npm/typescript/lib/node_modules/typescript/lib/lib.es2016.array.include.d.ts","/home/leibniz/.emacs.d/.local/etc/lsp/npm/typescript/lib/node_modules/typescript/lib/lib.es2016.full.d.ts","/home/leibniz/hdd/cobra/proj/1stdiscordbot/test.js"],"compilerOptions":{"module":1,"target":3,"jsx":1,"allowJs":true,"allowSyntheticDefaultImports":true,"allowNonTsExtensions":true,"noEmitForJsFiles":true,"maxNodeModuleJsDepth":2},"typeAcquisition":{"enable":true,"include":[],"exclude":[]},"unresolvedImports":[],"projectRootPath":"/home/leibniz/hdd/cobra/proj/1stdiscordbot","kind":"discover"}
[13:13:27.587] Loaded safelist from types map file '/home/leibniz/.emacs.d/.local/etc/lsp/npm/typescript/lib/node_modules/typescript/lib/typesMap.json'
[13:13:27.588] Explicitly included types: []
[13:13:27.590] Inferred typings from unresolved imports: []
[13:13:27.590] Result: {"cachedTypingPaths":[],"newTypingNames":[],"filesToWatch":["/home/leibniz/hdd/cobra/proj/1stdiscordbot/bower_components","/home/leibniz/hdd/cobra/proj/1stdiscordbot/node_modules"]}
[13:13:27.590] Finished typings discovery: {"cachedTypingPaths":[],"newTypingNames":[],"filesToWatch":["/home/leibniz/hdd/cobra/proj/1stdiscordbot/bower_components","/home/leibniz/hdd/cobra/proj/1stdiscordbot/node_modules"]}
[13:13:27.591] DirectoryWatcher:: Added:: WatchInfo: /home/leibniz/hdd/cobra/proj/1stdiscordbot/bower_components
[13:13:27.592] DirectoryWatcher:: Added:: WatchInfo: /home/leibniz/hdd/cobra/proj/1stdiscordbot/bower_components 1 undefined Project: /dev/null/inferredProject1* watcher already invoked: false
[13:13:27.595] Elapsed:: 2.9051569998264313ms DirectoryWatcher:: Added:: WatchInfo: /home/leibniz/hdd/cobra/proj/1stdiscordbot/bower_components 1 undefined Project: /dev/null/inferredProject1* watcher already invoked: false
[13:13:27.595] DirectoryWatcher:: Added:: WatchInfo: /home/leibniz/hdd/cobra/proj/1stdiscordbot/node_modules
[13:13:27.595] DirectoryWatcher:: Added:: WatchInfo: /home/leibniz/hdd/cobra/proj/1stdiscordbot/node_modules 1 undefined Project: /dev/null/inferredProject1* watcher already invoked: false
[13:13:27.596] Elapsed:: 0.3921809997409582ms DirectoryWatcher:: Added:: WatchInfo: /home/leibniz/hdd/cobra/proj/1stdiscordbot/node_modules 1 undefined Project: /dev/null/inferredProject1* watcher already invoked: false
[13:13:27.596] Sending response:
    {"projectName":"/dev/null/inferredProject1*","typeAcquisition":{"enable":true,"include":[],"exclude":[]},"compilerOptions":{"module":1,"target":3,"jsx":1,"allowJs":true,"allowSyntheticDefaultImports":true,"allowNonTsExtensions":true,"noEmitForJsFiles":true,"maxNodeModuleJsDepth":2},"typings":[],"unresolvedImports":[],"kind":"action::set"}
[13:13:27.597] Response has been sent.
[13:13:27.597] No new typings were requested as a result of typings discovery
