[00:14:19.521] Global cache location '/home/leibniz/.cache/typescript/4.5', safe file path '/home/leibniz/.emacs.d/.local/etc/lsp/npm/typescript/lib/node_modules/typescript/lib/typingSafeList.json', types map path /home/leibniz/.emacs.d/.local/etc/lsp/npm/typescript/lib/node_modules/typescript/lib/typesMap.json
[00:14:19.522] Processing cache location '/home/leibniz/.cache/typescript/4.5'
[00:14:19.523] Trying to find '/home/leibniz/.cache/typescript/4.5/package.json'...
[00:14:19.524] Loaded content of '/home/leibniz/.cache/typescript/4.5/package.json': {"private":true,"dependencies":{"types-registry":"^0.1.573"}}
[00:14:19.524] Loaded content of '/home/leibniz/.cache/typescript/4.5/package-lock.json'
[00:14:19.524] Finished processing cache location '/home/leibniz/.cache/typescript/4.5'
[00:14:19.525] Process id: 9348
[00:14:19.525] NPM location: /home/leibniz/.nvm/versions/node/v17.3.0/bin/npm (explicit '--npmLocation' not  provided)
[00:14:19.526] validateDefaultNpmLocation: false
[00:14:19.526] Npm config file: /home/leibniz/.cache/typescript/4.5/package.json
[00:14:19.527] Updating types-registry npm package...
[00:14:19.527] Exec: /home/leibniz/.nvm/versions/node/v17.3.0/bin/npm install --ignore-scripts types-registry@latest
[00:14:20.973]     Succeeded. stdout:
    
    up to date, audited 2 packages in 1s

found 0 vulnerabilities

[00:14:20.973] Updated types-registry npm package
[00:14:21.027] Got install request {"projectName":"/dev/null/inferredProject1*","fileNames":["/home/leibniz/.emacs.d/.local/etc/lsp/npm/typescript/lib/node_modules/typescript/lib/lib.es5.d.ts","/home/leibniz/.emacs.d/.local/etc/lsp/npm/typescript/lib/node_modules/typescript/lib/lib.es2015.d.ts","/home/leibniz/.emacs.d/.local/etc/lsp/npm/typescript/lib/node_modules/typescript/lib/lib.es2016.d.ts","/home/leibniz/.emacs.d/.local/etc/lsp/npm/typescript/lib/node_modules/typescript/lib/lib.dom.d.ts","/home/leibniz/.emacs.d/.local/etc/lsp/npm/typescript/lib/node_modules/typescript/lib/lib.dom.iterable.d.ts","/home/leibniz/.emacs.d/.local/etc/lsp/npm/typescript/lib/node_modules/typescript/lib/lib.webworker.importscripts.d.ts","/home/leibniz/.emacs.d/.local/etc/lsp/npm/typescript/lib/node_modules/typescript/lib/lib.scripthost.d.ts","/home/leibniz/.emacs.d/.local/etc/lsp/npm/typescript/lib/node_modules/typescript/lib/lib.es2015.core.d.ts","/home/leibniz/.emacs.d/.local/etc/lsp/npm/typescript/lib/node_modules/typescript/lib/lib.es2015.collection.d.ts","/home/leibniz/.emacs.d/.local/etc/lsp/npm/typescript/lib/node_modules/typescript/lib/lib.es2015.generator.d.ts","/home/leibniz/.emacs.d/.local/etc/lsp/npm/typescript/lib/node_modules/typescript/lib/lib.es2015.iterable.d.ts","/home/leibniz/.emacs.d/.local/etc/lsp/npm/typescript/lib/node_modules/typescript/lib/lib.es2015.promise.d.ts","/home/leibniz/.emacs.d/.local/etc/lsp/npm/typescript/lib/node_modules/typescript/lib/lib.es2015.proxy.d.ts","/home/leibniz/.emacs.d/.local/etc/lsp/npm/typescript/lib/node_modules/typescript/lib/lib.es2015.reflect.d.ts","/home/leibniz/.emacs.d/.local/etc/lsp/npm/typescript/lib/node_modules/typescript/lib/lib.es2015.symbol.d.ts","/home/leibniz/.emacs.d/.local/etc/lsp/npm/typescript/lib/node_modules/typescript/lib/lib.es2015.symbol.wellknown.d.ts","/home/leibniz/.emacs.d/.local/etc/lsp/npm/typescript/lib/node_modules/typescript/lib/lib.es2016.array.include.d.ts","/home/leibniz/.emacs.d/.local/etc/lsp/npm/typescript/lib/node_modules/typescript/lib/lib.es2016.full.d.ts","/home/leibniz/hdd/cobra/proj/1stdiscordbot/test.js"],"compilerOptions":{"module":1,"target":3,"jsx":1,"allowJs":true,"allowSyntheticDefaultImports":true,"allowNonTsExtensions":true,"noEmitForJsFiles":true,"maxNodeModuleJsDepth":2},"typeAcquisition":{"enable":true,"include":[],"exclude":[]},"unresolvedImports":[],"projectRootPath":"/home/leibniz/hdd/cobra/proj/1stdiscordbot","kind":"discover"}
[00:14:21.067] Loaded safelist from types map file '/home/leibniz/.emacs.d/.local/etc/lsp/npm/typescript/lib/node_modules/typescript/lib/typesMap.json'
[00:14:21.068] Explicitly included types: []
[00:14:21.070] Inferred typings from unresolved imports: []
[00:14:21.070] Result: {"cachedTypingPaths":[],"newTypingNames":[],"filesToWatch":["/home/leibniz/hdd/cobra/proj/1stdiscordbot/bower_components","/home/leibniz/hdd/cobra/proj/1stdiscordbot/node_modules"]}
[00:14:21.070] Finished typings discovery: {"cachedTypingPaths":[],"newTypingNames":[],"filesToWatch":["/home/leibniz/hdd/cobra/proj/1stdiscordbot/bower_components","/home/leibniz/hdd/cobra/proj/1stdiscordbot/node_modules"]}
[00:14:21.071] DirectoryWatcher:: Added:: WatchInfo: /home/leibniz/hdd/cobra/proj/1stdiscordbot/bower_components
[00:14:21.072] DirectoryWatcher:: Added:: WatchInfo: /home/leibniz/hdd/cobra/proj/1stdiscordbot/bower_components 1 undefined Project: /dev/null/inferredProject1* watcher already invoked: false
[00:14:21.075] Elapsed:: 2.7653939947485924ms DirectoryWatcher:: Added:: WatchInfo: /home/leibniz/hdd/cobra/proj/1stdiscordbot/bower_components 1 undefined Project: /dev/null/inferredProject1* watcher already invoked: false
[00:14:21.075] DirectoryWatcher:: Added:: WatchInfo: /home/leibniz/hdd/cobra/proj/1stdiscordbot/node_modules
[00:14:21.075] DirectoryWatcher:: Added:: WatchInfo: /home/leibniz/hdd/cobra/proj/1stdiscordbot/node_modules 1 undefined Project: /dev/null/inferredProject1* watcher already invoked: false
[00:14:21.076] Elapsed:: 0.20552799850702286ms DirectoryWatcher:: Added:: WatchInfo: /home/leibniz/hdd/cobra/proj/1stdiscordbot/node_modules 1 undefined Project: /dev/null/inferredProject1* watcher already invoked: false
[00:14:21.076] Sending response:
    {"projectName":"/dev/null/inferredProject1*","typeAcquisition":{"enable":true,"include":[],"exclude":[]},"compilerOptions":{"module":1,"target":3,"jsx":1,"allowJs":true,"allowSyntheticDefaultImports":true,"allowNonTsExtensions":true,"noEmitForJsFiles":true,"maxNodeModuleJsDepth":2},"typings":[],"unresolvedImports":[],"kind":"action::set"}
[00:14:21.076] Response has been sent.
[00:14:21.077] No new typings were requested as a result of typings discovery
[00:33:56.860] Got install request {"projectName":"/dev/null/inferredProject2*","fileNames":["/home/leibniz/.emacs.d/.local/etc/lsp/npm/typescript/lib/node_modules/typescript/lib/lib.es5.d.ts","/home/leibniz/.emacs.d/.local/etc/lsp/npm/typescript/lib/node_modules/typescript/lib/lib.es2015.d.ts","/home/leibniz/.emacs.d/.local/etc/lsp/npm/typescript/lib/node_modules/typescript/lib/lib.es2016.d.ts","/home/leibniz/.emacs.d/.local/etc/lsp/npm/typescript/lib/node_modules/typescript/lib/lib.dom.d.ts","/home/leibniz/.emacs.d/.local/etc/lsp/npm/typescript/lib/node_modules/typescript/lib/lib.dom.iterable.d.ts","/home/leibniz/.emacs.d/.local/etc/lsp/npm/typescript/lib/node_modules/typescript/lib/lib.webworker.importscripts.d.ts","/home/leibniz/.emacs.d/.local/etc/lsp/npm/typescript/lib/node_modules/typescript/lib/lib.scripthost.d.ts","/home/leibniz/.emacs.d/.local/etc/lsp/npm/typescript/lib/node_modules/typescript/lib/lib.es2015.core.d.ts","/home/leibniz/.emacs.d/.local/etc/lsp/npm/typescript/lib/node_modules/typescript/lib/lib.es2015.collection.d.ts","/home/leibniz/.emacs.d/.local/etc/lsp/npm/typescript/lib/node_modules/typescript/lib/lib.es2015.generator.d.ts","/home/leibniz/.emacs.d/.local/etc/lsp/npm/typescript/lib/node_modules/typescript/lib/lib.es2015.iterable.d.ts","/home/leibniz/.emacs.d/.local/etc/lsp/npm/typescript/lib/node_modules/typescript/lib/lib.es2015.promise.d.ts","/home/leibniz/.emacs.d/.local/etc/lsp/npm/typescript/lib/node_modules/typescript/lib/lib.es2015.proxy.d.ts","/home/leibniz/.emacs.d/.local/etc/lsp/npm/typescript/lib/node_modules/typescript/lib/lib.es2015.reflect.d.ts","/home/leibniz/.emacs.d/.local/etc/lsp/npm/typescript/lib/node_modules/typescript/lib/lib.es2015.symbol.d.ts","/home/leibniz/.emacs.d/.local/etc/lsp/npm/typescript/lib/node_modules/typescript/lib/lib.es2015.symbol.wellknown.d.ts","/home/leibniz/.emacs.d/.local/etc/lsp/npm/typescript/lib/node_modules/typescript/lib/lib.es2016.array.include.d.ts","/home/leibniz/.emacs.d/.local/etc/lsp/npm/typescript/lib/node_modules/typescript/lib/lib.es2016.full.d.ts","/home/leibniz/hdd/cobra/proj/1stdiscordbot/sqrt.js"],"compilerOptions":{"module":1,"target":3,"jsx":1,"allowJs":true,"allowSyntheticDefaultImports":true,"allowNonTsExtensions":true,"noEmitForJsFiles":true,"maxNodeModuleJsDepth":2},"typeAcquisition":{"enable":true,"include":[],"exclude":[]},"unresolvedImports":[],"projectRootPath":"/home/leibniz/hdd/cobra/proj/1stdiscordbot","kind":"discover"}
[00:33:56.860] Explicitly included types: []
[00:33:56.861] Inferred typings from unresolved imports: []
[00:33:56.861] Result: {"cachedTypingPaths":[],"newTypingNames":[],"filesToWatch":["/home/leibniz/hdd/cobra/proj/1stdiscordbot/bower_components","/home/leibniz/hdd/cobra/proj/1stdiscordbot/node_modules"]}
[00:33:56.861] Finished typings discovery: {"cachedTypingPaths":[],"newTypingNames":[],"filesToWatch":["/home/leibniz/hdd/cobra/proj/1stdiscordbot/bower_components","/home/leibniz/hdd/cobra/proj/1stdiscordbot/node_modules"]}
[00:33:56.861] DirectoryWatcher:: Added:: WatchInfo: /home/leibniz/hdd/cobra/proj/1stdiscordbot/bower_components
[00:33:56.861] DirectoryWatcher:: Added:: WatchInfo: /home/leibniz/hdd/cobra/proj/1stdiscordbot/bower_components 1 undefined Project: /dev/null/inferredProject2* watcher already invoked: false
[00:33:56.861] Elapsed:: 0.046848997473716736ms DirectoryWatcher:: Added:: WatchInfo: /home/leibniz/hdd/cobra/proj/1stdiscordbot/bower_components 1 undefined Project: /dev/null/inferredProject2* watcher already invoked: false
[00:33:56.862] DirectoryWatcher:: Added:: WatchInfo: /home/leibniz/hdd/cobra/proj/1stdiscordbot/node_modules
[00:33:56.862] DirectoryWatcher:: Added:: WatchInfo: /home/leibniz/hdd/cobra/proj/1stdiscordbot/node_modules 1 undefined Project: /dev/null/inferredProject2* watcher already invoked: false
[00:33:56.862] Elapsed:: 0.030066996812820435ms DirectoryWatcher:: Added:: WatchInfo: /home/leibniz/hdd/cobra/proj/1stdiscordbot/node_modules 1 undefined Project: /dev/null/inferredProject2* watcher already invoked: false
[00:33:56.862] Sending response:
    {"projectName":"/dev/null/inferredProject2*","typeAcquisition":{"enable":true,"include":[],"exclude":[]},"compilerOptions":{"module":1,"target":3,"jsx":1,"allowJs":true,"allowSyntheticDefaultImports":true,"allowNonTsExtensions":true,"noEmitForJsFiles":true,"maxNodeModuleJsDepth":2},"typings":[],"unresolvedImports":[],"kind":"action::set"}
[00:33:56.862] Response has been sent.
[00:33:56.862] No new typings were requested as a result of typings discovery
